\BOOKMARK [1][-]{section.1}{\376\377\000Q\0001\000:\000\040\000S\000a\000l\000e\000s\000\040\000P\000e\000r\000f\000o\000r\000m\000a\000n\000c\000e\000\040\000a\000n\000d\000\040\000T\000r\000e\000n\000d\000\040\000A\000n\000a\000l\000y\000s\000i\000s}{}% 1
\BOOKMARK [2][-]{subsection.1.1}{\376\377\000P\000r\000o\000j\000e\000c\000t\000\040\000O\000v\000e\000r\000v\000i\000e\000w\000\040\000a\000n\000d\000\040\000O\000b\000j\000e\000c\000t\000i\000v\000e\000s}{section.1}% 2
\BOOKMARK [2][-]{subsection.1.2}{\376\377\000D\000a\000t\000a\000\040\000P\000r\000o\000c\000e\000s\000s\000i\000n\000g\000\040\000M\000e\000t\000h\000o\000d\000o\000l\000o\000g\000y}{section.1}% 3
\BOOKMARK [3][-]{subsubsection.1.2.1}{\376\377\000D\000a\000t\000a\000s\000e\000t\000\040\000C\000h\000a\000r\000a\000c\000t\000e\000r\000i\000s\000t\000i\000c\000s}{subsection.1.2}% 4
\BOOKMARK [3][-]{subsubsection.1.2.2}{\376\377\000D\000a\000t\000a\000\040\000C\000l\000e\000a\000n\000i\000n\000g\000\040\000P\000r\000o\000c\000e\000s\000s}{subsection.1.2}% 5
\BOOKMARK [2][-]{subsection.1.3}{\376\377\000C\000o\000m\000p\000r\000e\000h\000e\000n\000s\000i\000v\000e\000\040\000P\000e\000r\000f\000o\000r\000m\000a\000n\000c\000e\000\040\000A\000n\000a\000l\000y\000s\000i\000s}{section.1}% 6
\BOOKMARK [3][-]{subsubsection.1.3.1}{\376\377\000O\000v\000e\000r\000a\000l\000l\000\040\000B\000u\000s\000i\000n\000e\000s\000s\000\040\000H\000e\000a\000l\000t\000h\000\040\000M\000e\000t\000r\000i\000c\000s}{subsection.1.3}% 7
\BOOKMARK [3][-]{subsubsection.1.3.2}{\376\377\000C\000a\000t\000e\000g\000o\000r\000y\000\040\000P\000e\000r\000f\000o\000r\000m\000a\000n\000c\000e\000\040\000D\000e\000e\000p\000\040\000D\000i\000v\000e}{subsection.1.3}% 8
\BOOKMARK [3][-]{subsubsection.1.3.3}{\376\377\000R\000e\000g\000i\000o\000n\000a\000l\000\040\000P\000e\000r\000f\000o\000r\000m\000a\000n\000c\000e\000\040\000A\000n\000a\000l\000y\000s\000i\000s}{subsection.1.3}% 9
\BOOKMARK [2][-]{subsection.1.4}{\376\377\000S\000e\000a\000s\000o\000n\000a\000l\000\040\000a\000n\000d\000\040\000T\000e\000m\000p\000o\000r\000a\000l\000\040\000A\000n\000a\000l\000y\000s\000i\000s}{section.1}% 10
\BOOKMARK [3][-]{subsubsection.1.4.1}{\376\377\000Q\000u\000a\000r\000t\000e\000r\000l\000y\000\040\000P\000e\000r\000f\000o\000r\000m\000a\000n\000c\000e\000\040\000T\000r\000e\000n\000d\000s}{subsection.1.4}% 11
\BOOKMARK [3][-]{subsubsection.1.4.2}{\376\377\000M\000o\000n\000t\000h\000l\000y\000\040\000S\000a\000l\000e\000s\000\040\000P\000a\000t\000t\000e\000r\000n\000s}{subsection.1.4}% 12
\BOOKMARK [2][-]{subsection.1.5}{\376\377\000P\000r\000o\000d\000u\000c\000t\000\040\000P\000o\000r\000t\000f\000o\000l\000i\000o\000\040\000O\000p\000t\000i\000m\000i\000z\000a\000t\000i\000o\000n}{section.1}% 13
\BOOKMARK [3][-]{subsubsection.1.5.1}{\376\377\000T\000o\000p\000\040\000P\000r\000o\000d\000u\000c\000t\000s\000\040\000f\000o\000r\000\040\000P\000r\000o\000m\000o\000t\000i\000o\000n}{subsection.1.5}% 14
\BOOKMARK [3][-]{subsubsection.1.5.2}{\376\377\000U\000n\000d\000e\000r\000p\000e\000r\000f\000o\000r\000m\000i\000n\000g\000\040\000P\000r\000o\000d\000u\000c\000t\000s\000\040\000R\000e\000q\000u\000i\000r\000i\000n\000g\000\040\000R\000e\000v\000i\000e\000w}{subsection.1.5}% 15
\BOOKMARK [2][-]{subsection.1.6}{\376\377\000S\000t\000r\000a\000t\000e\000g\000i\000c\000\040\000B\000u\000s\000i\000n\000e\000s\000s\000\040\000R\000e\000c\000o\000m\000m\000e\000n\000d\000a\000t\000i\000o\000n\000s}{section.1}% 16
\BOOKMARK [3][-]{subsubsection.1.6.1}{\376\377\000P\000r\000o\000d\000u\000c\000t\000\040\000S\000t\000r\000a\000t\000e\000g\000y}{subsection.1.6}% 17
\BOOKMARK [3][-]{subsubsection.1.6.2}{\376\377\000R\000e\000g\000i\000o\000n\000a\000l\000\040\000S\000t\000r\000a\000t\000e\000g\000y}{subsection.1.6}% 18
\BOOKMARK [3][-]{subsubsection.1.6.3}{\376\377\000S\000e\000a\000s\000o\000n\000a\000l\000\040\000P\000l\000a\000n\000n\000i\000n\000g}{subsection.1.6}% 19
\BOOKMARK [2][-]{subsection.1.7}{\376\377\000F\000i\000n\000a\000n\000c\000i\000a\000l\000\040\000I\000m\000p\000a\000c\000t\000\040\000P\000r\000o\000j\000e\000c\000t\000i\000o\000n\000s}{section.1}% 20
\BOOKMARK [2][-]{subsection.1.8}{\376\377\000C\000o\000n\000c\000l\000u\000s\000i\000o\000n\000\040\000a\000n\000d\000\040\000I\000m\000p\000l\000e\000m\000e\000n\000t\000a\000t\000i\000o\000n\000\040\000R\000o\000a\000d\000m\000a\000p}{section.1}% 21
\BOOKMARK [1][-]{section.2}{\376\377\000Q\0002\000:\000\040\000C\000u\000s\000t\000o\000m\000e\000r\000\040\000C\000h\000u\000r\000n\000\040\000P\000r\000e\000d\000i\000c\000t\000i\000o\000n\000\040\000\050\000B\000i\000n\000a\000r\000y\000\040\000C\000l\000a\000s\000s\000i\000f\000i\000c\000a\000t\000i\000o\000n\000\051}{}% 22
\BOOKMARK [2][-]{subsection.2.1}{\376\377\000P\000r\000o\000j\000e\000c\000t\000\040\000O\000v\000e\000r\000v\000i\000e\000w\000\040\000a\000n\000d\000\040\000B\000u\000s\000i\000n\000e\000s\000s\000\040\000C\000o\000n\000t\000e\000x\000t}{section.2}% 23
\BOOKMARK [2][-]{subsection.2.2}{\376\377\000D\000a\000t\000a\000\040\000P\000r\000o\000c\000e\000s\000s\000i\000n\000g\000\040\000a\000n\000d\000\040\000F\000e\000a\000t\000u\000r\000e\000\040\000E\000n\000g\000i\000n\000e\000e\000r\000i\000n\000g}{section.2}% 24
\BOOKMARK [3][-]{subsubsection.2.2.1}{\376\377\000D\000a\000t\000a\000s\000e\000t\000\040\000C\000h\000a\000r\000a\000c\000t\000e\000r\000i\000s\000t\000i\000c\000s\000\040\000a\000n\000d\000\040\000P\000r\000e\000p\000a\000r\000a\000t\000i\000o\000n}{subsection.2.2}% 25
\BOOKMARK [3][-]{subsubsection.2.2.2}{\376\377\000C\000o\000m\000p\000r\000e\000h\000e\000n\000s\000i\000v\000e\000\040\000D\000a\000t\000a\000\040\000C\000l\000e\000a\000n\000i\000n\000g\000\040\000P\000r\000o\000c\000e\000s\000s}{subsection.2.2}% 26
\BOOKMARK [3][-]{subsubsection.2.2.3}{\376\377\000F\000e\000a\000t\000u\000r\000e\000\040\000E\000n\000g\000i\000n\000e\000e\000r\000i\000n\000g\000\040\000D\000e\000t\000a\000i\000l\000s}{subsection.2.2}% 27
\BOOKMARK [2][-]{subsection.2.3}{\376\377\000E\000x\000p\000l\000o\000r\000a\000t\000o\000r\000y\000\040\000D\000a\000t\000a\000\040\000A\000n\000a\000l\000y\000s\000i\000s\000\040\000a\000n\000d\000\040\000R\000i\000s\000k\000\040\000P\000r\000o\000f\000i\000l\000i\000n\000g}{section.2}% 28
\BOOKMARK [3][-]{subsubsection.2.3.1}{\376\377\000C\000h\000u\000r\000n\000\040\000D\000i\000s\000t\000r\000i\000b\000u\000t\000i\000o\000n\000\040\000A\000c\000r\000o\000s\000s\000\040\000C\000u\000s\000t\000o\000m\000e\000r\000\040\000S\000e\000g\000m\000e\000n\000t\000s}{subsection.2.3}% 29
\BOOKMARK [3][-]{subsubsection.2.3.2}{\376\377\000R\000i\000s\000k\000\040\000F\000a\000c\000t\000o\000r\000\040\000C\000o\000r\000r\000e\000l\000a\000t\000i\000o\000n\000\040\000A\000n\000a\000l\000y\000s\000i\000s}{subsection.2.3}% 30
\BOOKMARK [2][-]{subsection.2.4}{\376\377\000M\000a\000c\000h\000i\000n\000e\000\040\000L\000e\000a\000r\000n\000i\000n\000g\000\040\000M\000o\000d\000e\000l\000\040\000D\000e\000v\000e\000l\000o\000p\000m\000e\000n\000t}{section.2}% 31
\BOOKMARK [3][-]{subsubsection.2.4.1}{\376\377\000M\000o\000d\000e\000l\000\040\000S\000e\000l\000e\000c\000t\000i\000o\000n\000\040\000a\000n\000d\000\040\000T\000r\000a\000i\000n\000i\000n\000g\000\040\000M\000e\000t\000h\000o\000d\000o\000l\000o\000g\000y}{subsection.2.4}% 32
\BOOKMARK [3][-]{subsubsection.2.4.2}{\376\377\000M\000o\000d\000e\000l\000\040\000P\000e\000r\000f\000o\000r\000m\000a\000n\000c\000e\000\040\000E\000v\000a\000l\000u\000a\000t\000i\000o\000n}{subsection.2.4}% 33
\BOOKMARK [3][-]{subsubsection.2.4.3}{\376\377\000C\000o\000n\000f\000u\000s\000i\000o\000n\000\040\000M\000a\000t\000r\000i\000x\000\040\000A\000n\000a\000l\000y\000s\000i\000s}{subsection.2.4}% 34
\BOOKMARK [2][-]{subsection.2.5}{\376\377\000F\000e\000a\000t\000u\000r\000e\000\040\000I\000m\000p\000o\000r\000t\000a\000n\000c\000e\000\040\000a\000n\000d\000\040\000P\000r\000e\000d\000i\000c\000t\000i\000v\000e\000\040\000I\000n\000s\000i\000g\000h\000t\000s}{section.2}% 35
\BOOKMARK [3][-]{subsubsection.2.5.1}{\376\377\000K\000e\000y\000\040\000C\000h\000u\000r\000n\000\040\000P\000r\000e\000d\000i\000c\000t\000o\000r\000s\000\040\000A\000n\000a\000l\000y\000s\000i\000s}{subsection.2.5}% 36
\BOOKMARK [3][-]{subsubsection.2.5.2}{\376\377\000P\000r\000e\000d\000i\000c\000t\000i\000v\000e\000\040\000I\000n\000s\000i\000g\000h\000t\000s\000\040\000a\000n\000d\000\040\000B\000u\000s\000i\000n\000e\000s\000s\000\040\000R\000u\000l\000e\000s}{subsection.2.5}% 37
\BOOKMARK [2][-]{subsection.2.6}{\376\377\000H\000i\000g\000h\000-\000R\000i\000s\000k\000\040\000C\000u\000s\000t\000o\000m\000e\000r\000\040\000P\000r\000o\000f\000i\000l\000i\000n\000g}{section.2}% 38
\BOOKMARK [3][-]{subsubsection.2.6.1}{\376\377\000A\000t\000-\000R\000i\000s\000k\000\040\000C\000u\000s\000t\000o\000m\000e\000r\000\040\000S\000e\000g\000m\000e\000n\000t\000a\000t\000i\000o\000n}{subsection.2.6}% 39
\BOOKMARK [3][-]{subsubsection.2.6.2}{\376\377\000H\000i\000g\000h\000-\000R\000i\000s\000k\000\040\000C\000u\000s\000t\000o\000m\000e\000r\000\040\000P\000r\000o\000f\000i\000l\000e\000\040\000D\000e\000t\000a\000i\000l\000s}{subsection.2.6}% 40
\BOOKMARK [2][-]{subsection.2.7}{\376\377\000S\000t\000r\000a\000t\000e\000g\000i\000c\000\040\000R\000e\000t\000e\000n\000t\000i\000o\000n\000\040\000P\000r\000o\000g\000r\000a\000m\000\040\000R\000e\000c\000o\000m\000m\000e\000n\000d\000a\000t\000i\000o\000n\000s}{section.2}% 41
\BOOKMARK [3][-]{subsubsection.2.7.1}{\376\377\000T\000i\000e\000r\000e\000d\000\040\000R\000e\000t\000e\000n\000t\000i\000o\000n\000\040\000S\000t\000r\000a\000t\000e\000g\000y}{subsection.2.7}% 42
\BOOKMARK [3][-]{subsubsection.2.7.2}{\376\377\000S\000p\000e\000c\000i\000f\000i\000c\000\040\000R\000e\000t\000e\000n\000t\000i\000o\000n\000\040\000I\000n\000i\000t\000i\000a\000t\000i\000v\000e\000s}{subsection.2.7}% 43
\BOOKMARK [2][-]{subsection.2.8}{\376\377\000F\000i\000n\000a\000n\000c\000i\000a\000l\000\040\000I\000m\000p\000a\000c\000t\000\040\000a\000n\000d\000\040\000R\000O\000I\000\040\000A\000n\000a\000l\000y\000s\000i\000s}{section.2}% 44
\BOOKMARK [3][-]{subsubsection.2.8.1}{\376\377\000B\000u\000s\000i\000n\000e\000s\000s\000\040\000C\000a\000s\000e\000\040\000J\000u\000s\000t\000i\000f\000i\000c\000a\000t\000i\000o\000n}{subsection.2.8}% 45
\BOOKMARK [3][-]{subsubsection.2.8.2}{\376\377\000K\000e\000y\000\040\000P\000e\000r\000f\000o\000r\000m\000a\000n\000c\000e\000\040\000I\000n\000d\000i\000c\000a\000t\000o\000r\000s\000\040\000f\000o\000r\000\040\000M\000o\000n\000i\000t\000o\000r\000i\000n\000g}{subsection.2.8}% 46
\BOOKMARK [2][-]{subsection.2.9}{\376\377\000I\000m\000p\000l\000e\000m\000e\000n\000t\000a\000t\000i\000o\000n\000\040\000R\000o\000a\000d\000m\000a\000p\000\040\000a\000n\000d\000\040\000T\000i\000m\000e\000l\000i\000n\000e}{section.2}% 47
\BOOKMARK [3][-]{subsubsection.2.9.1}{\376\377\000P\000h\000a\000s\000e\000d\000\040\000I\000m\000p\000l\000e\000m\000e\000n\000t\000a\000t\000i\000o\000n\000\040\000P\000l\000a\000n}{subsection.2.9}% 48
\BOOKMARK [2][-]{subsection.2.10}{\376\377\000C\000o\000n\000c\000l\000u\000s\000i\000o\000n\000\040\000a\000n\000d\000\040\000S\000t\000r\000a\000t\000e\000g\000i\000c\000\040\000R\000e\000c\000o\000m\000m\000e\000n\000d\000a\000t\000i\000o\000n\000s}{section.2}% 49
\BOOKMARK [1][-]{section.3}{\376\377\000Q\0003\000:\000\040\000M\000o\000v\000i\000e\000/\000T\000V\000\040\000S\000h\000o\000w\000\040\000D\000a\000t\000a\000\040\000E\000x\000p\000l\000o\000r\000a\000t\000i\000o\000n}{}% 50
\BOOKMARK [2][-]{subsection.3.1}{\376\377\000P\000r\000o\000j\000e\000c\000t\000\040\000O\000v\000e\000r\000v\000i\000e\000w\000\040\000a\000n\000d\000\040\000A\000n\000a\000l\000y\000t\000i\000c\000a\000l\000\040\000O\000b\000j\000e\000c\000t\000i\000v\000e\000s}{section.3}% 51
\BOOKMARK [2][-]{subsection.3.2}{\376\377\000D\000a\000t\000a\000\040\000P\000r\000o\000c\000e\000s\000s\000i\000n\000g\000\040\000a\000n\000d\000\040\000T\000e\000x\000t\000\040\000C\000l\000e\000a\000n\000i\000n\000g\000\040\000M\000e\000t\000h\000o\000d\000o\000l\000o\000g\000y}{section.3}% 52
\BOOKMARK [3][-]{subsubsection.3.2.1}{\376\377\000D\000a\000t\000a\000s\000e\000t\000\040\000C\000h\000a\000r\000a\000c\000t\000e\000r\000i\000s\000t\000i\000c\000s\000\040\000a\000n\000d\000\040\000S\000o\000u\000r\000c\000e\000s}{subsection.3.2}% 53
\BOOKMARK [3][-]{subsubsection.3.2.2}{\376\377\000C\000o\000m\000p\000r\000e\000h\000e\000n\000s\000i\000v\000e\000\040\000D\000a\000t\000a\000\040\000C\000l\000e\000a\000n\000i\000n\000g\000\040\000P\000r\000o\000c\000e\000s\000s}{subsection.3.2}% 54
\BOOKMARK [2][-]{subsection.3.3}{\376\377\000C\000o\000m\000p\000r\000e\000h\000e\000n\000s\000i\000v\000e\000\040\000R\000a\000t\000i\000n\000g\000\040\000A\000n\000a\000l\000y\000s\000i\000s}{section.3}% 55
\BOOKMARK [3][-]{subsubsection.3.3.1}{\376\377\000O\000v\000e\000r\000a\000l\000l\000\040\000R\000a\000t\000i\000n\000g\000\040\000D\000i\000s\000t\000r\000i\000b\000u\000t\000i\000o\000n\000\040\000a\000n\000d\000\040\000S\000t\000a\000t\000i\000s\000t\000i\000c\000s}{subsection.3.3}% 56
\BOOKMARK [3][-]{subsubsection.3.3.2}{\376\377\000R\000a\000t\000i\000n\000g\000\040\000D\000i\000s\000t\000r\000i\000b\000u\000t\000i\000o\000n\000\040\000P\000a\000t\000t\000e\000r\000n\000s}{subsection.3.3}% 57
\BOOKMARK [2][-]{subsection.3.4}{\376\377\000G\000e\000n\000r\000e\000\040\000P\000e\000r\000f\000o\000r\000m\000a\000n\000c\000e\000\040\000A\000n\000a\000l\000y\000s\000i\000s}{section.3}% 58
\BOOKMARK [3][-]{subsubsection.3.4.1}{\376\377\000G\000e\000n\000r\000e\000\040\000F\000r\000e\000q\000u\000e\000n\000c\000y\000\040\000a\000n\000d\000\040\000M\000a\000r\000k\000e\000t\000\040\000S\000h\000a\000r\000e}{subsection.3.4}% 59
\BOOKMARK [3][-]{subsubsection.3.4.2}{\376\377\000G\000e\000n\000r\000e\000\040\000R\000a\000t\000i\000n\000g\000\040\000P\000e\000r\000f\000o\000r\000m\000a\000n\000c\000e\000\040\000A\000n\000a\000l\000y\000s\000i\000s}{subsection.3.4}% 60
\BOOKMARK [2][-]{subsection.3.5}{\376\377\000C\000o\000r\000r\000e\000l\000a\000t\000i\000o\000n\000\040\000A\000n\000a\000l\000y\000s\000i\000s\000\040\000B\000e\000t\000w\000e\000e\000n\000\040\000R\000a\000t\000i\000n\000g\000\040\000S\000y\000s\000t\000e\000m\000s}{section.3}% 61
\BOOKMARK [3][-]{subsubsection.3.5.1}{\376\377\000I\000n\000t\000e\000r\000-\000R\000a\000t\000i\000n\000g\000\040\000S\000y\000s\000t\000e\000m\000\040\000C\000o\000r\000r\000e\000l\000a\000t\000i\000o\000n\000s}{subsection.3.5}% 62
\BOOKMARK [3][-]{subsubsection.3.5.2}{\376\377\000G\000e\000n\000r\000e\000-\000S\000p\000e\000c\000i\000f\000i\000c\000\040\000R\000a\000t\000i\000n\000g\000\040\000C\000o\000r\000r\000e\000l\000a\000t\000i\000o\000n\000s}{subsection.3.5}% 63
\BOOKMARK [2][-]{subsection.3.6}{\376\377\000T\000e\000m\000p\000o\000r\000a\000l\000\040\000T\000r\000e\000n\000d\000s\000\040\000a\000n\000d\000\040\000E\000v\000o\000l\000u\000t\000i\000o\000n\000\040\000A\000n\000a\000l\000y\000s\000i\000s}{section.3}% 64
\BOOKMARK [3][-]{subsubsection.3.6.1}{\376\377\000H\000i\000s\000t\000o\000r\000i\000c\000a\000l\000\040\000R\000a\000t\000i\000n\000g\000\040\000T\000r\000e\000n\000d\000s\000\040\000b\000y\000\040\000D\000e\000c\000a\000d\000e}{subsection.3.6}% 65
\BOOKMARK [3][-]{subsubsection.3.6.2}{\376\377\000G\000e\000n\000r\000e\000\040\000E\000v\000o\000l\000u\000t\000i\000o\000n\000\040\000a\000n\000d\000\040\000M\000a\000r\000k\000e\000t\000\040\000D\000y\000n\000a\000m\000i\000c\000s}{subsection.3.6}% 66
\BOOKMARK [2][-]{subsection.3.7}{\376\377\000T\000o\000p\000\040\000P\000e\000r\000f\000o\000r\000m\000i\000n\000g\000\040\000M\000o\000v\000i\000e\000s\000\040\000a\000n\000d\000\040\000P\000a\000t\000t\000e\000r\000n\000s}{section.3}% 67
\BOOKMARK [3][-]{subsubsection.3.7.1}{\376\377\000H\000i\000g\000h\000e\000s\000t\000\040\000R\000a\000t\000e\000d\000\040\000M\000o\000v\000i\000e\000s\000\040\000A\000n\000a\000l\000y\000s\000i\000s}{subsection.3.7}% 68
\BOOKMARK [3][-]{subsubsection.3.7.2}{\376\377\000S\000u\000c\000c\000e\000s\000s\000\040\000P\000a\000t\000t\000e\000r\000n\000\040\000A\000n\000a\000l\000y\000s\000i\000s}{subsection.3.7}% 69
\BOOKMARK [2][-]{subsection.3.8}{\376\377\000K\000e\000y\000\040\000Q\000u\000e\000s\000t\000i\000o\000n\000s\000\040\000A\000n\000s\000w\000e\000r\000e\000d\000\040\000w\000i\000t\000h\000\040\000D\000a\000t\000a\000-\000D\000r\000i\000v\000e\000n\000\040\000I\000n\000s\000i\000g\000h\000t\000s}{section.3}% 70
\BOOKMARK [3][-]{subsubsection.3.8.1}{\376\377\000C\000o\000r\000r\000e\000l\000a\000t\000i\000o\000n\000\040\000B\000e\000t\000w\000e\000e\000n\000\040\000C\000r\000i\000t\000i\000c\000s\000'\000\040\000a\000n\000d\000\040\000A\000u\000d\000i\000e\000n\000c\000e\000\040\000R\000a\000t\000i\000n\000g\000s}{subsection.3.8}% 71
\BOOKMARK [3][-]{subsubsection.3.8.2}{\376\377\000G\000e\000n\000r\000e\000s\000\040\000w\000i\000t\000h\000\040\000H\000i\000g\000h\000e\000s\000t\000\040\000A\000v\000e\000r\000a\000g\000e\000\040\000R\000a\000t\000i\000n\000g\000s}{subsection.3.8}% 72
\BOOKMARK [2][-]{subsection.3.9}{\376\377\000A\000d\000v\000a\000n\000c\000e\000d\000\040\000A\000n\000a\000l\000y\000t\000i\000c\000a\000l\000\040\000I\000n\000s\000i\000g\000h\000t\000s}{section.3}% 73
\BOOKMARK [3][-]{subsubsection.3.9.1}{\376\377\000R\000a\000t\000i\000n\000g\000\040\000P\000r\000e\000d\000i\000c\000t\000i\000o\000n\000\040\000F\000a\000c\000t\000o\000r\000s}{subsection.3.9}% 74
\BOOKMARK [3][-]{subsubsection.3.9.2}{\376\377\000M\000a\000r\000k\000e\000t\000\040\000G\000a\000p\000\040\000A\000n\000a\000l\000y\000s\000i\000s}{subsection.3.9}% 75
\BOOKMARK [2][-]{subsection.3.10}{\376\377\000S\000t\000r\000a\000t\000e\000g\000i\000c\000\040\000R\000e\000c\000o\000m\000m\000e\000n\000d\000a\000t\000i\000o\000n\000s\000\040\000f\000o\000r\000\040\000E\000n\000t\000e\000r\000t\000a\000i\000n\000m\000e\000n\000t\000\040\000I\000n\000d\000u\000s\000t\000r\000y}{section.3}% 76
\BOOKMARK [3][-]{subsubsection.3.10.1}{\376\377\000C\000o\000n\000t\000e\000n\000t\000\040\000D\000e\000v\000e\000l\000o\000p\000m\000e\000n\000t\000\040\000S\000t\000r\000a\000t\000e\000g\000y}{subsection.3.10}% 77
\BOOKMARK [3][-]{subsubsection.3.10.2}{\376\377\000B\000u\000s\000i\000n\000e\000s\000s\000\040\000M\000o\000d\000e\000l\000\040\000I\000m\000p\000l\000i\000c\000a\000t\000i\000o\000n\000s}{subsection.3.10}% 78
\BOOKMARK [2][-]{subsection.3.11}{\376\377\000C\000o\000n\000c\000l\000u\000s\000i\000o\000n\000\040\000a\000n\000d\000\040\000F\000u\000t\000u\000r\000e\000\040\000R\000e\000s\000e\000a\000r\000c\000h\000\040\000D\000i\000r\000e\000c\000t\000i\000o\000n\000s}{section.3}% 79
\BOOKMARK [2][-]{subsection.3.12}{\376\377\000C\000o\000n\000c\000l\000u\000s\000i\000o\000n}{section.3}% 80
\BOOKMARK [1][-]{section.4}{\376\377\000Q\0004\000:\000\040\000G\000e\000o\000s\000p\000a\000t\000i\000a\000l\000\040\000a\000n\000d\000\040\000C\000r\000i\000m\000e\000\040\000R\000a\000t\000e\000\040\000A\000n\000a\000l\000y\000s\000i\000s}{}% 81
\BOOKMARK [2][-]{subsection.4.1}{\376\377\000P\000r\000o\000j\000e\000c\000t\000\040\000O\000v\000e\000r\000v\000i\000e\000w\000\040\000a\000n\000d\000\040\000L\000a\000w\000\040\000E\000n\000f\000o\000r\000c\000e\000m\000e\000n\000t\000\040\000C\000o\000n\000t\000e\000x\000t}{section.4}% 82
\BOOKMARK [2][-]{subsection.4.2}{\376\377\000D\000a\000t\000a\000\040\000P\000r\000o\000c\000e\000s\000s\000i\000n\000g\000\040\000a\000n\000d\000\040\000G\000e\000o\000s\000p\000a\000t\000i\000a\000l\000\040\000M\000e\000t\000h\000o\000d\000o\000l\000o\000g\000y}{section.4}% 83
\BOOKMARK [3][-]{subsubsection.4.2.1}{\376\377\000D\000a\000t\000a\000s\000e\000t\000\040\000C\000h\000a\000r\000a\000c\000t\000e\000r\000i\000s\000t\000i\000c\000s\000\040\000a\000n\000d\000\040\000S\000o\000u\000r\000c\000e\000s}{subsection.4.2}% 84
\BOOKMARK [3][-]{subsubsection.4.2.2}{\376\377\000C\000o\000m\000p\000r\000e\000h\000e\000n\000s\000i\000v\000e\000\040\000D\000a\000t\000a\000\040\000P\000r\000o\000c\000e\000s\000s\000i\000n\000g\000\040\000P\000i\000p\000e\000l\000i\000n\000e}{subsection.4.2}% 85
\BOOKMARK [2][-]{subsection.4.3}{\376\377\000C\000o\000m\000p\000r\000e\000h\000e\000n\000s\000i\000v\000e\000\040\000C\000r\000i\000m\000e\000\040\000S\000t\000a\000t\000i\000s\000t\000i\000c\000s\000\040\000O\000v\000e\000r\000v\000i\000e\000w}{section.4}% 86
\BOOKMARK [3][-]{subsubsection.4.3.1}{\376\377\000O\000v\000e\000r\000a\000l\000l\000\040\000C\000r\000i\000m\000e\000\040\000L\000a\000n\000d\000s\000c\000a\000p\000e}{subsection.4.3}% 87
\BOOKMARK [3][-]{subsubsection.4.3.2}{\376\377\000C\000r\000i\000m\000e\000\040\000T\000y\000p\000e\000\040\000D\000i\000s\000t\000r\000i\000b\000u\000t\000i\000o\000n\000\040\000a\000n\000d\000\040\000P\000a\000t\000t\000e\000r\000n\000s}{subsection.4.3}% 88
\BOOKMARK [2][-]{subsection.4.4}{\376\377\000G\000e\000o\000s\000p\000a\000t\000i\000a\000l\000\040\000H\000o\000t\000s\000p\000o\000t\000\040\000A\000n\000a\000l\000y\000s\000i\000s}{section.4}% 89
\BOOKMARK [3][-]{subsubsection.4.4.1}{\376\377\000P\000o\000l\000i\000c\000e\000\040\000D\000i\000v\000i\000s\000i\000o\000n\000\040\000C\000r\000i\000m\000e\000\040\000D\000e\000n\000s\000i\000t\000y}{subsection.4.4}% 90
\BOOKMARK [3][-]{subsubsection.4.4.2}{\376\377\000M\000i\000c\000r\000o\000-\000l\000e\000v\000e\000l\000\040\000H\000o\000t\000s\000p\000o\000t\000\040\000I\000d\000e\000n\000t\000i\000f\000i\000c\000a\000t\000i\000o\000n}{subsection.4.4}% 91
\BOOKMARK [2][-]{subsection.4.5}{\376\377\000T\000e\000m\000p\000o\000r\000a\000l\000\040\000P\000a\000t\000t\000e\000r\000n\000\040\000A\000n\000a\000l\000y\000s\000i\000s}{section.4}% 92
\BOOKMARK [3][-]{subsubsection.4.5.1}{\376\377\000T\000i\000m\000e\000-\000b\000a\000s\000e\000d\000\040\000C\000r\000i\000m\000e\000\040\000D\000i\000s\000t\000r\000i\000b\000u\000t\000i\000o\000n}{subsection.4.5}% 93
\BOOKMARK [2][-]{subsection.4.6}{\376\377\000K\000e\000y\000\040\000Q\000u\000e\000s\000t\000i\000o\000n\000s\000\040\000A\000n\000s\000w\000e\000r\000e\000d\000\040\000w\000i\000t\000h\000\040\000E\000v\000i\000d\000e\000n\000c\000e\000-\000B\000a\000s\000e\000d\000\040\000I\000n\000s\000i\000g\000h\000t\000s}{section.4}% 94
\BOOKMARK [3][-]{subsubsection.4.6.1}{\376\377\000A\000r\000e\000a\000s\000\040\000w\000i\000t\000h\000\040\000H\000i\000g\000h\000e\000s\000t\000\040\000C\000r\000i\000m\000e\000\040\000R\000a\000t\000e\000s}{subsection.4.6}% 95
\BOOKMARK [3][-]{subsubsection.4.6.2}{\376\377\000C\000r\000i\000m\000e\000\040\000T\000r\000e\000n\000d\000\040\000A\000n\000a\000l\000y\000s\000i\000s\000\040\0002\0000\0002\0000\000-\0002\0000\0002\0003}{subsection.4.6}% 96
\BOOKMARK [2][-]{subsection.4.7}{\376\377\000A\000d\000v\000a\000n\000c\000e\000d\000\040\000S\000p\000a\000t\000i\000a\000l\000-\000T\000e\000m\000p\000o\000r\000a\000l\000\040\000A\000n\000a\000l\000y\000s\000i\000s}{section.4}% 97
\BOOKMARK [3][-]{subsubsection.4.7.1}{\376\377\000C\000r\000i\000m\000e\000\040\000F\000o\000r\000e\000c\000a\000s\000t\000i\000n\000g\000\040\000a\000n\000d\000\040\000P\000r\000e\000d\000i\000c\000t\000i\000o\000n}{subsection.4.7}% 98
\BOOKMARK [3][-]{subsubsection.4.7.2}{\376\377\000E\000n\000v\000i\000r\000o\000n\000m\000e\000n\000t\000a\000l\000\040\000a\000n\000d\000\040\000S\000o\000c\000i\000a\000l\000\040\000C\000o\000r\000r\000e\000l\000a\000t\000e\000s}{subsection.4.7}% 99
\BOOKMARK [2][-]{subsection.4.8}{\376\377\000S\000t\000r\000a\000t\000e\000g\000i\000c\000\040\000L\000a\000w\000\040\000E\000n\000f\000o\000r\000c\000e\000m\000e\000n\000t\000\040\000R\000e\000c\000o\000m\000m\000e\000n\000d\000a\000t\000i\000o\000n\000s}{section.4}% 100
\BOOKMARK [3][-]{subsubsection.4.8.1}{\376\377\000R\000e\000s\000o\000u\000r\000c\000e\000\040\000A\000l\000l\000o\000c\000a\000t\000i\000o\000n\000\040\000a\000n\000d\000\040\000D\000e\000p\000l\000o\000y\000m\000e\000n\000t\000\040\000S\000t\000r\000a\000t\000e\000g\000y}{subsection.4.8}% 101
\BOOKMARK [3][-]{subsubsection.4.8.2}{\376\377\000P\000r\000e\000v\000e\000n\000t\000i\000o\000n\000\040\000a\000n\000d\000\040\000I\000n\000t\000e\000r\000v\000e\000n\000t\000i\000o\000n\000\040\000P\000r\000o\000g\000r\000a\000m\000s}{subsection.4.8}% 102
\BOOKMARK [3][-]{subsubsection.4.8.3}{\376\377\000P\000o\000l\000i\000c\000y\000\040\000a\000n\000d\000\040\000P\000r\000o\000c\000e\000d\000u\000r\000a\000l\000\040\000R\000e\000c\000o\000m\000m\000e\000n\000d\000a\000t\000i\000o\000n\000s}{subsection.4.8}% 103
\BOOKMARK [2][-]{subsection.4.9}{\376\377\000I\000m\000p\000l\000e\000m\000e\000n\000t\000a\000t\000i\000o\000n\000\040\000F\000r\000a\000m\000e\000w\000o\000r\000k\000\040\000a\000n\000d\000\040\000P\000e\000r\000f\000o\000r\000m\000a\000n\000c\000e\000\040\000M\000o\000n\000i\000t\000o\000r\000i\000n\000g}{section.4}% 104
\BOOKMARK [3][-]{subsubsection.4.9.1}{\376\377\000P\000h\000a\000s\000e\000d\000\040\000I\000m\000p\000l\000e\000m\000e\000n\000t\000a\000t\000i\000o\000n\000\040\000P\000l\000a\000n}{subsection.4.9}% 105
\BOOKMARK [3][-]{subsubsection.4.9.2}{\376\377\000P\000e\000r\000f\000o\000r\000m\000a\000n\000c\000e\000\040\000M\000o\000n\000i\000t\000o\000r\000i\000n\000g\000\040\000D\000a\000s\000h\000b\000o\000a\000r\000d}{subsection.4.9}% 106
\BOOKMARK [2][-]{subsection.4.10}{\376\377\000C\000o\000n\000c\000l\000u\000s\000i\000o\000n\000\040\000a\000n\000d\000\040\000P\000u\000b\000l\000i\000c\000\040\000S\000a\000f\000e\000t\000y\000\040\000I\000m\000p\000a\000c\000t}{section.4}% 107
\BOOKMARK [1][-]{section.5}{\376\377\000Q\0005\000:\000\040\000P\000u\000b\000l\000i\000c\000\040\000H\000e\000a\000l\000t\000h\000\040\000a\000n\000d\000\040\000D\000e\000m\000o\000g\000r\000a\000p\000h\000i\000c\000\040\000I\000n\000s\000i\000g\000h\000t\000s}{}% 108
\BOOKMARK [2][-]{subsection.5.1}{\376\377\000P\000r\000o\000j\000e\000c\000t\000\040\000O\000v\000e\000r\000v\000i\000e\000w\000\040\000a\000n\000d\000\040\000H\000e\000a\000l\000t\000h\000c\000a\000r\000e\000\040\000C\000o\000n\000t\000e\000x\000t}{section.5}% 109
\BOOKMARK [2][-]{subsection.5.2}{\376\377\000D\000a\000t\000a\000\040\000P\000r\000o\000c\000e\000s\000s\000i\000n\000g\000\040\000a\000n\000d\000\040\000A\000n\000a\000l\000y\000t\000i\000c\000a\000l\000\040\000M\000e\000t\000h\000o\000d\000o\000l\000o\000g\000y}{section.5}% 110
\BOOKMARK [3][-]{subsubsection.5.2.1}{\376\377\000D\000a\000t\000a\000s\000e\000t\000\040\000C\000h\000a\000r\000a\000c\000t\000e\000r\000i\000s\000t\000i\000c\000s}{subsection.5.2}% 111
\BOOKMARK [3][-]{subsubsection.5.2.2}{\376\377\000D\000a\000t\000a\000\040\000P\000r\000o\000c\000e\000s\000s\000i\000n\000g\000\040\000P\000i\000p\000e\000l\000i\000n\000e}{subsection.5.2}% 112
\BOOKMARK [2][-]{subsection.5.3}{\376\377\000P\000a\000t\000i\000e\000n\000t\000\040\000P\000o\000p\000u\000l\000a\000t\000i\000o\000n\000\040\000O\000v\000e\000r\000v\000i\000e\000w}{section.5}% 113
\BOOKMARK [3][-]{subsubsection.5.3.1}{\376\377\000D\000e\000m\000o\000g\000r\000a\000p\000h\000i\000c\000\040\000C\000h\000a\000r\000a\000c\000t\000e\000r\000i\000s\000t\000i\000c\000s}{subsection.5.3}% 114
\BOOKMARK [3][-]{subsubsection.5.3.2}{\376\377\000C\000l\000i\000n\000i\000c\000a\000l\000\040\000P\000r\000o\000f\000i\000l\000e\000\040\000S\000u\000m\000m\000a\000r\000y}{subsection.5.3}% 115
\BOOKMARK [2][-]{subsection.5.4}{\376\377\000R\000i\000s\000k\000\040\000F\000a\000c\000t\000o\000r\000\040\000A\000n\000a\000l\000y\000s\000i\000s}{section.5}% 116
\BOOKMARK [3][-]{subsubsection.5.4.1}{\376\377\000C\000o\000r\000r\000e\000l\000a\000t\000i\000o\000n\000\040\000A\000n\000a\000l\000y\000s\000i\000s}{subsection.5.4}% 117
\BOOKMARK [3][-]{subsubsection.5.4.2}{\376\377\000K\000e\000y\000\040\000R\000i\000s\000k\000\040\000F\000a\000c\000t\000o\000r\000\040\000C\000o\000m\000b\000i\000n\000a\000t\000i\000o\000n\000s}{subsection.5.4}% 118
\BOOKMARK [2][-]{subsection.5.5}{\376\377\000D\000e\000m\000o\000g\000r\000a\000p\000h\000i\000c\000\040\000D\000i\000s\000p\000a\000r\000i\000t\000i\000e\000s\000\040\000A\000n\000a\000l\000y\000s\000i\000s}{section.5}% 119
\BOOKMARK [3][-]{subsubsection.5.5.1}{\376\377\000A\000g\000e\000-\000B\000a\000s\000e\000d\000\040\000P\000a\000t\000t\000e\000r\000n\000s}{subsection.5.5}% 120
\BOOKMARK [3][-]{subsubsection.5.5.2}{\376\377\000G\000e\000n\000d\000e\000r\000\040\000D\000i\000f\000f\000e\000r\000e\000n\000c\000e\000s}{subsection.5.5}% 121
\BOOKMARK [2][-]{subsection.5.6}{\376\377\000K\000e\000y\000\040\000Q\000u\000e\000s\000t\000i\000o\000n\000s\000\040\000A\000n\000s\000w\000e\000r\000e\000d}{section.5}% 122
\BOOKMARK [3][-]{subsubsection.5.6.1}{\376\377\000E\000c\000o\000n\000o\000m\000i\000c\000\040\000I\000n\000d\000i\000c\000a\000t\000o\000r\000s\000\040\000v\000s\000\040\000H\000e\000a\000l\000t\000h\000\040\000O\000u\000t\000c\000o\000m\000e\000s}{subsection.5.6}% 123
\BOOKMARK [2][-]{subsection.5.7}{\376\377\000S\000t\000a\000t\000i\000s\000t\000i\000c\000a\000l\000\040\000F\000i\000n\000d\000i\000n\000g\000s}{section.5}% 124
\BOOKMARK [3][-]{subsubsection.5.7.1}{\376\377\000S\000i\000g\000n\000i\000f\000i\000c\000a\000n\000t\000\040\000P\000r\000e\000d\000i\000c\000t\000o\000r\000s}{subsection.5.7}% 125
\BOOKMARK [3][-]{subsubsection.5.7.2}{\376\377\000M\000u\000l\000t\000i\000v\000a\000r\000i\000a\000t\000e\000\040\000A\000n\000a\000l\000y\000s\000i\000s}{subsection.5.7}% 126
\BOOKMARK [2][-]{subsection.5.8}{\376\377\000P\000u\000b\000l\000i\000c\000\040\000H\000e\000a\000l\000t\000h\000\040\000I\000m\000p\000l\000i\000c\000a\000t\000i\000o\000n\000s}{section.5}% 127
\BOOKMARK [3][-]{subsubsection.5.8.1}{\376\377\000P\000r\000e\000v\000e\000n\000t\000i\000o\000n\000\040\000S\000t\000r\000a\000t\000e\000g\000i\000e\000s}{subsection.5.8}% 128
\BOOKMARK [3][-]{subsubsection.5.8.2}{\376\377\000I\000n\000t\000e\000r\000v\000e\000n\000t\000i\000o\000n\000\040\000R\000e\000c\000o\000m\000m\000e\000n\000d\000a\000t\000i\000o\000n\000s}{subsection.5.8}% 129
\BOOKMARK [2][-]{subsection.5.9}{\376\377\000E\000c\000o\000n\000o\000m\000i\000c\000\040\000I\000m\000p\000a\000c\000t\000\040\000A\000s\000s\000e\000s\000s\000m\000e\000n\000t}{section.5}% 130
\BOOKMARK [3][-]{subsubsection.5.9.1}{\376\377\000C\000o\000s\000t\000-\000B\000e\000n\000e\000f\000i\000t\000\040\000A\000n\000a\000l\000y\000s\000i\000s}{subsection.5.9}% 131
\BOOKMARK [3][-]{subsubsection.5.9.2}{\376\377\000P\000o\000p\000u\000l\000a\000t\000i\000o\000n\000\040\000H\000e\000a\000l\000t\000h\000\040\000I\000m\000p\000a\000c\000t}{subsection.5.9}% 132
\BOOKMARK [2][-]{subsection.5.10}{\376\377\000S\000t\000r\000a\000t\000e\000g\000i\000c\000\040\000R\000e\000c\000o\000m\000m\000e\000n\000d\000a\000t\000i\000o\000n\000s}{section.5}% 133
\BOOKMARK [3][-]{subsubsection.5.10.1}{\376\377\000I\000m\000m\000e\000d\000i\000a\000t\000e\000\040\000A\000c\000t\000i\000o\000n\000s\000\040\000\050\0000\000-\0006\000\040\000m\000o\000n\000t\000h\000s\000\051}{subsection.5.10}% 134
\BOOKMARK [3][-]{subsubsection.5.10.2}{\376\377\000M\000e\000d\000i\000u\000m\000-\000t\000e\000r\000m\000\040\000I\000n\000i\000t\000i\000a\000t\000i\000v\000e\000s\000\040\000\050\0006\000-\0002\0004\000\040\000m\000o\000n\000t\000h\000s\000\051}{subsection.5.10}% 135
\BOOKMARK [3][-]{subsubsection.5.10.3}{\376\377\000L\000o\000n\000g\000-\000t\000e\000r\000m\000\040\000S\000t\000r\000a\000t\000e\000g\000i\000e\000s\000\040\000\050\0002\000-\0005\000\040\000y\000e\000a\000r\000s\000\051}{subsection.5.10}% 136
\BOOKMARK [2][-]{subsection.5.11}{\376\377\000C\000o\000n\000c\000l\000u\000s\000i\000o\000n\000\040\000a\000n\000d\000\040\000P\000u\000b\000l\000i\000c\000\040\000H\000e\000a\000l\000t\000h\000\040\000I\000m\000p\000a\000c\000t}{section.5}% 137
